  1630.00   0.99690756        4444.47
  1620.00   0.99619114        4417.22
  1610.00   0.99529791        4389.97
  1600.00   0.99418206        4362.72
  1590.00   0.99278558        4335.47
  1580.00   0.99103512        4308.22
  1570.00   0.98883805        4280.97
  1560.00   0.98607912        4253.72
  1550.00   0.98316631        4226.47
  1540.00   0.97921063        4199.22
  1530.00   0.97440092        4171.97
  1520.00   0.96861488        4144.72
  1510.00   0.96173319        4117.47
  1500.00   0.95364988        4090.22
  1490.00   0.94427861        4062.97
  1480.00   0.93355696        4035.72
  1470.00   0.92144854        4008.47
  1460.00   0.90794310        3981.22
  1450.00   0.89305500        3953.97
  1440.00   0.87682087        3926.72
  1430.00   0.85929661        3899.47
  1420.00   0.84055424        3872.22
  1410.00   0.82067882        3844.97
  1400.00   0.79976537        3817.72
  1390.00   0.77791615        3790.47
  1380.00   0.75523810        3763.22
  1370.00   0.73184056        3735.97
  1360.00   0.70783336        3708.72
  1350.00   0.68332521        3681.47
  1340.00   0.65842230        3654.22
  1330.00   0.63322739        3626.97
  1320.00   0.60783902        3599.72
  1310.00   0.58235108        3572.47
  1300.00   0.55685252        3545.22
  1290.00   0.53142731        3517.97
  1280.00   0.50615445        3490.72
  1270.00   0.48110816        3463.47
  1260.00   0.45635809        3436.22
  1250.00   0.43196950        3408.97
  1240.00   0.40800351        3381.72
  1230.00   0.38451726        3354.46
  1220.00   0.36156405        3327.21
  1210.00   0.33919346        3299.96
  1200.00   0.31745128        3272.71
  1190.00   0.29637955        3245.46
  1180.00   0.27601643        3218.21
  1170.00   0.25639602        3190.96
  1160.00   0.23754827        3163.71
  1150.00   0.21949872        3136.46
  1140.00   0.20226838        3109.20
  1130.00   0.18587349        3081.95
  1120.00   0.17032547        3054.70
  1110.00   0.15563075        3027.45
  1100.00   0.14179081        3000.19
  1090.00   0.12880217        2972.94
  1080.00   0.11665653        2945.69
  1070.00   0.10534091        2918.43
  1060.00   0.94837963E-01    2891.18
  1050.00   0.85126218E-01    2863.92
  1040.00   0.76180514E-01    2836.66
  1030.00   0.67972394E-01    2809.41
  1020.00   0.60470573E-01    2782.15
  1010.00   0.53641421E-01    2754.89
  1000.00   0.47449457E-01    2727.62
   990.00   0.41857847E-01    2700.36
   980.00   0.36828883E-01    2673.09
   970.00   0.32324442E-01    2645.82
   960.00   0.28306416E-01    2618.54
   950.00   0.24737099E-01    2591.27
   940.00   0.21579535E-01    2563.98
   930.00   0.18797813E-01    2536.69
   920.00   0.16357327E-01    2509.40
   910.00   0.14224977E-01    2482.09
   900.00   0.12369335E-01    2454.78
   890.00   0.10760769E-01    2427.45
   880.00   0.93715355E-02    2400.11
   870.00   0.81758388E-02    2372.76
   860.00   0.71498692E-02    2345.40
   850.00   0.62718212E-02    2318.02
   840.00   0.55218902E-02    2290.62
   830.00   0.48822340E-02    2263.21
   820.00   0.43369499E-02    2235.78
   810.00   0.38719970E-02    2208.33
   800.00   0.34751041E-02    2180.87
   790.00   0.31356530E-02    2153.38
   780.00   0.28445428E-02    2125.88
   770.00   0.25940396E-02    2098.36
   760.00   0.23776203E-02    2070.82
   750.00   0.21898172E-02    2043.26
   740.00   0.20260685E-02    2015.69
   730.00   0.18825816E-02    1988.10
   720.00   0.17562093E-02    1960.50
   710.00   0.16443423E-02    1932.87
   700.00   0.15448164E-02    1905.24
   690.00   0.14558347E-02    1877.58
   680.00   0.13759019E-02    1849.90
   670.00   0.13037705E-02    1822.21
   660.00   0.12383964E-02    1794.50
   650.00   0.11789026E-02    1766.76
   640.00   0.11245497E-02    1739.01
   630.00   0.10747117E-02    1711.23
   620.00   0.10288563E-02    1683.43
   610.00   0.98652882E-03    1655.61
   600.00   0.94733962E-03    1627.76
   590.00   0.91095290E-03    1599.88
   580.00   0.87707826E-03    1571.98
   570.00   0.84546340E-03    1544.04
   560.00   0.81588825E-03    1516.08
   550.00   0.78816012E-03    1488.08
   540.00   0.76210955E-03    1460.04
   530.00   0.73758702E-03    1431.97
   520.00   0.71446011E-03    1403.86
   510.00   0.69261112E-03    1375.71
   500.00   0.67193508E-03    1347.51
   490.00   0.65233809E-03    1319.27
   480.00   0.63373591E-03    1290.97
   470.00   0.61605268E-03    1262.63
   460.00   0.59921997E-03    1234.23
   450.00   0.58317583E-03    1205.78
   440.00   0.56786403E-03    1177.26
   430.00   0.55323344E-03    1148.68
   420.00   0.53923742E-03    1120.03
   410.00   0.52583332E-03    1091.31
   400.00   0.51298207E-03    1062.51
   390.00   0.50064777E-03    1033.64
   380.00   0.48879738E-03    1004.68
   370.00   0.47740039E-03     975.63
   360.00   0.46642858E-03     946.49
   350.00   0.45585580E-03     917.25
   340.00   0.44565772E-03     887.91
   330.00   0.43581167E-03     858.47
   320.00   0.42629646E-03     828.92
   310.00   0.41709223E-03     799.25
   300.00   0.40818030E-03     769.47
   290.00   0.39954305E-03     739.57
   280.00   0.39116380E-03     709.55
   270.00   0.38302667E-03     679.41
   260.00   0.37511650E-03     649.15
   250.00   0.36741873E-03     618.77
   240.00   0.35991929E-03     588.28
   230.00   0.35260451E-03     557.70
   220.00   0.34546099E-03     527.02
   210.00   0.33847549E-03     496.27
   200.00   0.33163482E-03     465.48
   190.00   0.32492567E-03     434.66
   180.00   0.31833450E-03     403.87
   170.00   0.31184727E-03     373.14
   160.00   0.30544931E-03     342.54
   150.00   0.29912496E-03     312.14
   140.00   0.29285726E-03     282.04
   130.00   0.28662747E-03     252.33
   120.00   0.28041445E-03     223.16
   110.00   0.27419382E-03     194.67
   100.00   0.26793671E-03     167.04
    90.00   0.26160805E-03     140.49
    80.00   0.25516384E-03     115.27
    70.00   0.24854684E-03      91.63
    60.00   0.24167930E-03      69.91
    50.00   0.23444980E-03      50.43
    40.00   0.22668699E-03      33.57
    30.00   0.21810010E-03      19.71
    20.00   0.20811426E-03       9.26
    10.00   0.19522265E-03       2.59
     0.00   0.17077617E-03       0.02
